[35m[1mScanning dependencies of target _beginner_tutorials_generate_messages_check_deps_AddTwoInts[0m
[  0%] Built target std_msgs_generate_messages_cpp
[  0%] Built target std_msgs_generate_messages_py
[  0%] Built target std_msgs_generate_messages_nodejs
[  0%] Built target std_msgs_generate_messages_eus
[  0%] Built target std_msgs_generate_messages_lisp
[  0%] Built target _beginner_tutorials_generate_messages_check_deps_Num
[  0%] Built target _beginner_tutorials_generate_messages_check_deps_AddTwoInts
[ 15%] [34m[1mGenerating Python code from SRV beginner_tutorials/AddTwoInts[0m
[ 15%] [34m[1mGenerating Lisp code from beginner_tutorials/AddTwoInts.srv[0m
[ 23%] [34m[1mGenerating C++ code from beginner_tutorials/AddTwoInts.srv[0m
[ 30%] [34m[1mGenerating Javascript code from beginner_tutorials/AddTwoInts.srv[0m
[ 38%] [34m[1mGenerating EusLisp code from beginner_tutorials/AddTwoInts.srv[0m
[ 46%] Built target beginner_tutorials_generate_messages_lisp
[ 53%] Built target beginner_tutorials_generate_messages_nodejs
[ 69%] Built target beginner_tutorials_generate_messages_eus
[ 84%] [34m[1mGenerating Python msg __init__.py for beginner_tutorials[0m
[ 84%] [34m[1mGenerating Python srv __init__.py for beginner_tutorials[0m
[ 92%] Built target beginner_tutorials_generate_messages_cpp
[100%] Built target beginner_tutorials_generate_messages_py
[100%] Built target beginner_tutorials_generate_messages
